{"synthetic": false,
 "schemaVersion": "2025-09-10",
 "outputs":
 {"o": ["e93a501808d1c42e.olean"],
  "m": false,
  "i": "bd460d5dfaf345dc.ilean",
  "c": "744481ff7eba1999.c"},
 "log":
 [{"message":
   ".> LEAN_PATH=/Users/ostensible_paradox/Documents/math/CausalQIF/lean/.lake/packages/Cli/.lake/build/lib/lean:/Users/ostensible_paradox/Documents/math/CausalQIF/lean/.lake/packages/batteries/.lake/build/lib/lean:/Users/ostensible_paradox/Documents/math/CausalQIF/lean/.lake/packages/Qq/.lake/build/lib/lean:/Users/ostensible_paradox/Documents/math/CausalQIF/lean/.lake/packages/aesop/.lake/build/lib/lean:/Users/ostensible_paradox/Documents/math/CausalQIF/lean/.lake/packages/proofwidgets/.lake/build/lib/lean:/Users/ostensible_paradox/Documents/math/CausalQIF/lean/.lake/packages/importGraph/.lake/build/lib/lean:/Users/ostensible_paradox/Documents/math/CausalQIF/lean/.lake/packages/LeanSearchClient/.lake/build/lib/lean:/Users/ostensible_paradox/Documents/math/CausalQIF/lean/.lake/packages/plausible/.lake/build/lib/lean:/Users/ostensible_paradox/Documents/math/CausalQIF/lean/.lake/packages/mathlib/.lake/build/lib/lean:/Users/ostensible_paradox/Documents/math/CausalQIF/lean/.lake/build/lib/lean /Users/ostensible_paradox/.elan/toolchains/leanprover--lean4---v4.30.0-rc1/bin/lean /Users/ostensible_paradox/Documents/math/CausalQIF/lean/CausalQIF/Certificates/PACBounds.lean -o /Users/ostensible_paradox/Documents/math/CausalQIF/lean/.lake/build/lib/lean/CausalQIF/Certificates/PACBounds.olean -i /Users/ostensible_paradox/Documents/math/CausalQIF/lean/.lake/build/lib/lean/CausalQIF/Certificates/PACBounds.ilean -c /Users/ostensible_paradox/Documents/math/CausalQIF/lean/.lake/build/ir/CausalQIF/Certificates/PACBounds.c --setup /Users/ostensible_paradox/Documents/math/CausalQIF/lean/.lake/build/ir/CausalQIF/Certificates/PACBounds.setup.json --json",
   "level": "trace"}],
 "inputs":
 [["CausalQIF.Certificates.PACBounds:deps",
   [["deps",
     [["causal_qif/CausalQIF:extraDep",
       [["@causal_qif:extraDep", "00000000000006bb"]]],
      ["imports",
       [["Mathlib.Data.Fin.Basic transitive imports (legacy)",
         "075d2062739b758b"],
        ["Mathlib.Data.Fin.Basic:importAllArts", "9d46f88641dc28b7"],
        ["Mathlib.Data.Real.Basic transitive imports (legacy)",
         "308caac000058a9b"],
        ["Mathlib.Data.Real.Basic:importAllArts", "2ee4a2935a5375fa"],
        ["Mathlib.Analysis.SpecialFunctions.Log.Basic transitive imports (legacy)",
         "b45b5b9099262819"],
        ["Mathlib.Analysis.SpecialFunctions.Log.Basic:importAllArts",
         "446dcdaab2614314"],
        ["Mathlib.Tactic.Linarith transitive imports (legacy)",
         "328f2fe75c61d044"],
        ["Mathlib.Tactic.Linarith:importAllArts", "62ee35c00cb7db10"]]]]],
    ["libs",
     [["import dynlibs", "00000000000006bb"],
      ["package external libraries", "00000000000006bb"],
      ["module dynlibs", "00000000000006bb"],
      ["module plugins", "00000000000006bb"]]]]],
  ["Lean 4.30.0, commit 714601baf118066cbf3f282361339c6d06665b2a",
   "a22979b798cee25b"],
  ["/Users/ostensible_paradox/Documents/math/CausalQIF/lean/CausalQIF/Certificates/PACBounds.lean",
   "ffd939600e9ad415"],
  ["options", [["-DautoImplicit=false", "4a85acb881fd49d0"]]],
  ["isModule: false", "feefd2a0d3a1847e"],
  ["Module.name: CausalQIF.Certificates.PACBounds", "da66cdd698ad40eb"],
  ["Package.id?: (some causal_qif)", "1a766da9467fc475"],
  ["Module.leanArgs: #[]", "00000000000006bb"]],
 "depHash": "31f52d309b43f113"}